19:54:53.569 [AWT-EventQueue-0] INFO  c.b.l.BrowserStackRunExtension - gradle
19:54:53.570 [AWT-EventQueue-0] INFO  com.browserstack.utils.Helpers - null
20:02:13.269 [AWT-EventQueue-0] INFO  c.b.l.BrowserStackRunExtension - gradle
20:02:13.269 [AWT-EventQueue-0] INFO  com.browserstack.utils.Helpers - null
20:02:22.113 [AWT-EventQueue-0] INFO  c.b.l.BrowserStackRunExtension - gradle
20:02:22.113 [AWT-EventQueue-0] INFO  com.browserstack.utils.Helpers - null
20:09:25.832 [AWT-EventQueue-0] INFO  c.b.l.BrowserStackRunExtension - gradle
20:09:25.832 [AWT-EventQueue-0] INFO  com.browserstack.utils.Helpers - null
20:28:35.784 [AWT-EventQueue-0] INFO  c.b.l.BrowserStackRunExtension - gradle
20:28:35.785 [AWT-EventQueue-0] INFO  com.browserstack.utils.Helpers - null
20:30:07.208 [AWT-EventQueue-0] INFO  c.b.l.BrowserStackRunExtension - gradle
20:30:07.208 [AWT-EventQueue-0] INFO  com.browserstack.utils.Helpers - null
20:31:56.330 [AWT-EventQueue-0] INFO  c.b.l.BrowserStackRunExtension - gradle
20:31:56.330 [AWT-EventQueue-0] INFO  com.browserstack.utils.Helpers - null
20:32:15.854 [AWT-EventQueue-0] INFO  c.b.l.BrowserStackRunExtension - gradle
20:32:15.854 [AWT-EventQueue-0] INFO  com.browserstack.utils.Helpers - null
20:39:55.208 [AWT-EventQueue-0] INFO  c.b.l.BrowserStackRunExtension - gradle
20:39:55.209 [AWT-EventQueue-0] INFO  com.browserstack.utils.Helpers - null
20:40:07.235 [AWT-EventQueue-0] INFO  c.b.l.BrowserStackRunExtension - gradle
20:40:07.235 [AWT-EventQueue-0] INFO  com.browserstack.utils.Helpers - null
20:42:36.478 [AWT-EventQueue-0] INFO  c.b.l.BrowserStackRunExtension - gradle
20:42:36.479 [AWT-EventQueue-0] INFO  com.browserstack.utils.Helpers - null
20:45:11.788 [AWT-EventQueue-0] INFO  c.b.l.BrowserStackRunExtension - gradle
20:45:11.788 [AWT-EventQueue-0] INFO  com.browserstack.utils.Helpers - null
20:45:30.739 [AWT-EventQueue-0] INFO  c.b.l.BrowserStackRunExtension - gradle
20:45:30.739 [AWT-EventQueue-0] INFO  com.browserstack.utils.Helpers - null
21:22:41.812 [AWT-EventQueue-0] INFO  c.b.l.BrowserStackRunExtension - gradle
21:22:41.813 [AWT-EventQueue-0] INFO  com.browserstack.utils.Helpers - null
21:23:23.171 [AWT-EventQueue-0] INFO  c.b.l.BrowserStackRunExtension - gradle
21:23:23.171 [AWT-EventQueue-0] INFO  com.browserstack.utils.Helpers - null
21:24:07.634 [AWT-EventQueue-0] INFO  c.b.l.BrowserStackRunExtension - gradle
21:24:07.634 [AWT-EventQueue-0] INFO  com.browserstack.utils.Helpers - null
23:06:25.776 [AWT-EventQueue-0] INFO  c.b.l.BrowserStackRunExtension - gradle
23:06:25.778 [AWT-EventQueue-0] INFO  com.browserstack.utils.Helpers - null
12:39:35.669 [AWT-EventQueue-0] INFO  c.b.l.BrowserStackRunExtension - gradle
12:39:35.670 [AWT-EventQueue-0] INFO  com.browserstack.utils.Helpers - null
12:52:09.564 [AWT-EventQueue-0] INFO  c.b.l.BrowserStackRunExtension - gradle
12:52:09.565 [AWT-EventQueue-0] INFO  com.browserstack.utils.Helpers - null
13:11:48.903 [AWT-EventQueue-0] INFO  c.b.l.BrowserStackRunExtension - gradle
13:11:48.904 [AWT-EventQueue-0] INFO  com.browserstack.utils.Helpers - null
13:13:30.348 [AWT-EventQueue-0] INFO  c.b.l.BrowserStackRunExtension - gradle
13:13:30.349 [AWT-EventQueue-0] INFO  com.browserstack.utils.Helpers - null
17:35:01.215 [AWT-EventQueue-0] INFO  c.b.l.BrowserStackRunExtension - gradle
17:35:01.215 [AWT-EventQueue-0] INFO  com.browserstack.utils.Helpers - null
17:40:44.815 [AWT-EventQueue-0] INFO  c.b.l.BrowserStackRunExtension - gradle
17:40:44.815 [AWT-EventQueue-0] INFO  com.browserstack.utils.Helpers - null
17:41:40.611 [AWT-EventQueue-0] INFO  c.b.l.BrowserStackRunExtension - gradle
17:41:40.611 [AWT-EventQueue-0] INFO  com.browserstack.utils.Helpers - null
13:47:24.370 [AWT-EventQueue-0] INFO  c.b.l.BrowserStackRunExtension - gradle
13:47:24.370 [AWT-EventQueue-0] INFO  com.browserstack.utils.Helpers - null
13:49:05.625 [AWT-EventQueue-0] INFO  c.b.l.BrowserStackRunExtension - gradle
13:49:05.626 [AWT-EventQueue-0] INFO  com.browserstack.utils.Helpers - null
13:50:15.218 [AWT-EventQueue-0] INFO  c.b.l.BrowserStackRunExtension - gradle
13:50:15.219 [AWT-EventQueue-0] INFO  com.browserstack.utils.Helpers - null
13:50:51.260 [AWT-EventQueue-0] INFO  c.b.l.BrowserStackRunExtension - gradle
13:50:51.260 [AWT-EventQueue-0] INFO  com.browserstack.utils.Helpers - null
13:50:53.557 [AWT-EventQueue-0] INFO  c.b.l.BrowserStackRunExtension - gradle
13:50:53.557 [AWT-EventQueue-0] INFO  com.browserstack.utils.Helpers - null
13:50:56.748 [AWT-EventQueue-0] INFO  c.b.l.BrowserStackRunExtension - gradle
13:50:56.748 [AWT-EventQueue-0] INFO  com.browserstack.utils.Helpers - null
13:56:40.969 [AWT-EventQueue-0] INFO  c.b.l.BrowserStackRunExtension - gradle
13:56:40.970 [AWT-EventQueue-0] INFO  com.browserstack.utils.Helpers - null
13:58:47.638 [AWT-EventQueue-0] INFO  c.b.l.BrowserStackRunExtension - gradle
13:58:47.639 [AWT-EventQueue-0] INFO  com.browserstack.utils.Helpers - null
13:58:50.369 [AWT-EventQueue-0] INFO  c.b.l.BrowserStackRunExtension - gradle
13:58:50.369 [AWT-EventQueue-0] INFO  com.browserstack.utils.Helpers - null
14:03:22.563 [AWT-EventQueue-0] INFO  c.b.l.BrowserStackRunExtension - gradle
14:03:22.563 [AWT-EventQueue-0] INFO  com.browserstack.utils.Helpers - null
15:09:55.272 [AWT-EventQueue-0] INFO  c.b.l.BrowserStackRunExtension - gradle
15:09:55.274 [AWT-EventQueue-0] INFO  com.browserstack.utils.Helpers - null
16:05:02.716 [AWT-EventQueue-0] INFO  c.b.l.BrowserStackRunExtension - gradle
16:05:02.718 [AWT-EventQueue-0] INFO  com.browserstack.utils.Helpers - null
16:08:11.789 [AWT-EventQueue-0] INFO  c.b.l.BrowserStackRunExtension - gradle
16:08:11.790 [AWT-EventQueue-0] INFO  com.browserstack.utils.Helpers - null
16:09:22.619 [AWT-EventQueue-0] INFO  c.b.l.BrowserStackRunExtension - gradle
16:09:22.621 [AWT-EventQueue-0] INFO  com.browserstack.utils.Helpers - null
16:19:36.527 [AWT-EventQueue-0] INFO  c.b.l.BrowserStackRunExtension - gradle
16:19:36.528 [AWT-EventQueue-0] INFO  com.browserstack.utils.Helpers - null
16:20:32.735 [AWT-EventQueue-0] INFO  c.b.l.BrowserStackRunExtension - gradle
16:20:32.735 [AWT-EventQueue-0] INFO  com.browserstack.utils.Helpers - null
16:22:55.953 [AWT-EventQueue-0] INFO  c.b.l.BrowserStackRunExtension - gradle
16:22:55.955 [AWT-EventQueue-0] INFO  com.browserstack.utils.Helpers - null
16:24:00.870 [AWT-EventQueue-0] INFO  c.b.l.BrowserStackRunExtension - gradle
16:24:00.871 [AWT-EventQueue-0] INFO  com.browserstack.utils.Helpers - null
16:34:27.709 [AWT-EventQueue-0] INFO  c.b.l.BrowserStackRunExtension - gradle
16:34:27.711 [AWT-EventQueue-0] INFO  com.browserstack.utils.Helpers - null
16:44:12.805 [AWT-EventQueue-0] INFO  c.b.l.BrowserStackRunExtension - gradle
16:44:12.806 [AWT-EventQueue-0] INFO  com.browserstack.utils.Helpers - null
17:13:19.555 [AWT-EventQueue-0] INFO  c.b.l.BrowserStackRunExtension - gradle
17:13:19.557 [AWT-EventQueue-0] INFO  com.browserstack.utils.Helpers - null
17:25:02.141 [AWT-EventQueue-0] INFO  c.b.l.BrowserStackRunExtension - gradle
17:25:02.142 [AWT-EventQueue-0] INFO  com.browserstack.utils.Helpers - null
17:25:15.593 [AWT-EventQueue-0] INFO  c.b.l.BrowserStackRunExtension - gradle
17:25:15.593 [AWT-EventQueue-0] INFO  com.browserstack.utils.Helpers - null
17:26:31.788 [AWT-EventQueue-0] INFO  c.b.l.BrowserStackRunExtension - gradle
17:26:31.789 [AWT-EventQueue-0] INFO  com.browserstack.utils.Helpers - null
17:36:43.759 [AWT-EventQueue-0] INFO  c.b.l.BrowserStackRunExtension - gradle
17:36:43.760 [AWT-EventQueue-0] INFO  com.browserstack.utils.Helpers - null
17:44:00.342 [AWT-EventQueue-0] INFO  c.b.l.BrowserStackRunExtension - gradle
17:44:00.343 [AWT-EventQueue-0] INFO  com.browserstack.utils.Helpers - null
17:49:57.989 [AWT-EventQueue-0] INFO  c.b.l.BrowserStackRunExtension - gradle
17:49:57.990 [AWT-EventQueue-0] INFO  com.browserstack.utils.Helpers - null
18:15:04.445 [AWT-EventQueue-0] INFO  c.b.l.BrowserStackRunExtension - gradle
18:15:04.445 [AWT-EventQueue-0] INFO  com.browserstack.utils.Helpers - null
18:18:11.684 [AWT-EventQueue-0] INFO  c.b.l.BrowserStackRunExtension - gradle
18:18:11.685 [AWT-EventQueue-0] INFO  com.browserstack.utils.Helpers - null
18:21:08.109 [AWT-EventQueue-0] INFO  c.b.l.BrowserStackRunExtension - gradle
18:21:08.110 [AWT-EventQueue-0] INFO  com.browserstack.utils.Helpers - null
18:36:49.565 [AWT-EventQueue-0] INFO  c.b.l.BrowserStackRunExtension - gradle
18:36:49.566 [AWT-EventQueue-0] INFO  com.browserstack.utils.Helpers - null
18:40:05.397 [AWT-EventQueue-0] INFO  c.b.l.BrowserStackRunExtension - gradle
18:40:05.398 [AWT-EventQueue-0] INFO  com.browserstack.utils.Helpers - null
18:40:49.286 [AWT-EventQueue-0] INFO  c.b.l.BrowserStackRunExtension - gradle
18:40:49.287 [AWT-EventQueue-0] INFO  com.browserstack.utils.Helpers - null
18:41:39.809 [AWT-EventQueue-0] INFO  c.b.l.BrowserStackRunExtension - gradle
18:41:39.809 [AWT-EventQueue-0] INFO  com.browserstack.utils.Helpers - null
19:15:11.975 [AWT-EventQueue-0] INFO  c.b.l.BrowserStackRunExtension - gradle
19:15:11.976 [AWT-EventQueue-0] INFO  com.browserstack.utils.Helpers - null
19:16:38.841 [AWT-EventQueue-0] INFO  c.b.l.BrowserStackRunExtension - gradle
19:16:38.841 [AWT-EventQueue-0] INFO  com.browserstack.utils.Helpers - null
19:16:42.626 [AWT-EventQueue-0] INFO  c.b.l.BrowserStackRunExtension - gradle
19:16:42.626 [AWT-EventQueue-0] INFO  com.browserstack.utils.Helpers - null
19:17:40.001 [AWT-EventQueue-0] INFO  c.b.l.BrowserStackRunExtension - gradle
19:17:40.001 [AWT-EventQueue-0] INFO  com.browserstack.utils.Helpers - null
19:18:41.249 [AWT-EventQueue-0] INFO  c.b.l.BrowserStackRunExtension - gradle
19:18:41.249 [AWT-EventQueue-0] INFO  com.browserstack.utils.Helpers - null
19:19:23.253 [AWT-EventQueue-0] INFO  c.b.l.BrowserStackRunExtension - gradle
19:19:23.253 [AWT-EventQueue-0] INFO  com.browserstack.utils.Helpers - null
19:24:44.484 [AWT-EventQueue-0] INFO  c.b.l.BrowserStackRunExtension - gradle
19:24:44.484 [AWT-EventQueue-0] INFO  com.browserstack.utils.Helpers - null
19:27:13.905 [AWT-EventQueue-0] INFO  c.b.l.BrowserStackRunExtension - gradle
19:27:13.906 [AWT-EventQueue-0] INFO  com.browserstack.utils.Helpers - null
19:28:03.566 [AWT-EventQueue-0] INFO  c.b.l.BrowserStackRunExtension - gradle
19:28:03.567 [AWT-EventQueue-0] INFO  com.browserstack.utils.Helpers - null
19:32:51.131 [AWT-EventQueue-0] INFO  c.b.l.BrowserStackRunExtension - gradle
19:32:51.132 [AWT-EventQueue-0] INFO  com.browserstack.utils.Helpers - null
19:35:54.127 [AWT-EventQueue-0] INFO  c.b.l.BrowserStackRunExtension - gradle
19:35:54.128 [AWT-EventQueue-0] INFO  com.browserstack.utils.Helpers - null
19:36:40.042 [AWT-EventQueue-0] INFO  c.b.l.BrowserStackRunExtension - gradle
19:36:40.043 [AWT-EventQueue-0] INFO  com.browserstack.utils.Helpers - null
19:37:31.064 [AWT-EventQueue-0] INFO  c.b.l.BrowserStackRunExtension - gradle
19:37:31.065 [AWT-EventQueue-0] INFO  com.browserstack.utils.Helpers - null
19:39:56.635 [AWT-EventQueue-0] INFO  c.b.l.BrowserStackRunExtension - gradle
19:39:56.636 [AWT-EventQueue-0] INFO  com.browserstack.utils.Helpers - null
19:45:41.427 [AWT-EventQueue-0] INFO  c.b.l.BrowserStackRunExtension - gradle
19:45:41.428 [AWT-EventQueue-0] INFO  com.browserstack.utils.Helpers - null
19:50:40.024 [AWT-EventQueue-0] INFO  c.b.l.BrowserStackRunExtension - gradle
19:50:40.025 [AWT-EventQueue-0] INFO  com.browserstack.utils.Helpers - null
19:50:51.376 [AWT-EventQueue-0] INFO  c.b.l.BrowserStackRunExtension - gradle
19:50:51.376 [AWT-EventQueue-0] INFO  com.browserstack.utils.Helpers - null
19:52:22.664 [AWT-EventQueue-0] INFO  c.b.l.BrowserStackRunExtension - gradle
19:52:22.665 [AWT-EventQueue-0] INFO  com.browserstack.utils.Helpers - null
19:56:51.978 [AWT-EventQueue-0] INFO  c.b.l.BrowserStackRunExtension - gradle
19:56:51.979 [AWT-EventQueue-0] INFO  com.browserstack.utils.Helpers - null
19:57:32.957 [AWT-EventQueue-0] INFO  c.b.l.BrowserStackRunExtension - gradle
19:57:32.957 [AWT-EventQueue-0] INFO  com.browserstack.utils.Helpers - null
20:03:29.506 [AWT-EventQueue-0] INFO  c.b.l.BrowserStackRunExtension - gradle
20:03:29.507 [AWT-EventQueue-0] INFO  com.browserstack.utils.Helpers - null
20:03:59.104 [AWT-EventQueue-0] INFO  c.b.l.BrowserStackRunExtension - gradle
20:03:59.104 [AWT-EventQueue-0] INFO  com.browserstack.utils.Helpers - null
20:09:54.315 [AWT-EventQueue-0] INFO  c.b.l.BrowserStackRunExtension - gradle
20:09:54.316 [AWT-EventQueue-0] INFO  com.browserstack.utils.Helpers - null
20:13:13.011 [AWT-EventQueue-0] INFO  c.b.l.BrowserStackRunExtension - gradle
20:13:13.012 [AWT-EventQueue-0] INFO  com.browserstack.utils.Helpers - null
20:14:00.078 [AWT-EventQueue-0] INFO  c.b.l.BrowserStackRunExtension - gradle
20:14:00.079 [AWT-EventQueue-0] INFO  com.browserstack.utils.Helpers - null
20:14:39.350 [AWT-EventQueue-0] INFO  c.b.l.BrowserStackRunExtension - gradle
20:14:39.351 [AWT-EventQueue-0] INFO  com.browserstack.utils.Helpers - null
20:15:42.094 [AWT-EventQueue-0] INFO  c.b.l.BrowserStackRunExtension - gradle
20:15:42.095 [AWT-EventQueue-0] INFO  com.browserstack.utils.Helpers - null
20:17:00.907 [AWT-EventQueue-0] INFO  c.b.l.BrowserStackRunExtension - gradle
20:17:00.908 [AWT-EventQueue-0] INFO  com.browserstack.utils.Helpers - null
20:17:25.716 [AWT-EventQueue-0] INFO  c.b.l.BrowserStackRunExtension - gradle
20:17:25.717 [AWT-EventQueue-0] INFO  com.browserstack.utils.Helpers - null
20:21:16.560 [AWT-EventQueue-0] INFO  c.b.l.BrowserStackRunExtension - gradle
20:21:16.561 [AWT-EventQueue-0] INFO  com.browserstack.utils.Helpers - null
20:22:03.501 [AWT-EventQueue-0] INFO  c.b.l.BrowserStackRunExtension - gradle
20:22:03.501 [AWT-EventQueue-0] INFO  com.browserstack.utils.Helpers - null
20:22:42.201 [AWT-EventQueue-0] INFO  c.b.l.BrowserStackRunExtension - gradle
20:22:42.201 [AWT-EventQueue-0] INFO  com.browserstack.utils.Helpers - null
20:23:49.054 [AWT-EventQueue-0] INFO  c.b.l.BrowserStackRunExtension - gradle
20:23:49.054 [AWT-EventQueue-0] INFO  com.browserstack.utils.Helpers - null
20:35:18.325 [AWT-EventQueue-0] INFO  c.b.l.BrowserStackRunExtension - gradle
20:35:18.326 [AWT-EventQueue-0] INFO  com.browserstack.utils.Helpers - null
20:35:29.724 [AWT-EventQueue-0] INFO  c.b.l.BrowserStackRunExtension - gradle
20:35:29.724 [AWT-EventQueue-0] INFO  com.browserstack.utils.Helpers - null
20:36:40.459 [AWT-EventQueue-0] INFO  c.b.l.BrowserStackRunExtension - gradle
20:36:40.459 [AWT-EventQueue-0] INFO  com.browserstack.utils.Helpers - null
20:39:57.264 [AWT-EventQueue-0] INFO  c.b.l.BrowserStackRunExtension - gradle
20:39:57.265 [AWT-EventQueue-0] INFO  com.browserstack.utils.Helpers - null
20:41:18.682 [AWT-EventQueue-0] INFO  c.b.l.BrowserStackRunExtension - gradle
20:41:18.686 [AWT-EventQueue-0] INFO  com.browserstack.utils.Helpers - null
09:12:45.640 [AWT-EventQueue-0] INFO  c.b.l.BrowserStackRunExtension - gradle
09:12:45.641 [AWT-EventQueue-0] INFO  com.browserstack.utils.Helpers - null
09:13:00.520 [AWT-EventQueue-0] INFO  c.b.l.BrowserStackRunExtension - gradle
09:13:00.521 [AWT-EventQueue-0] INFO  com.browserstack.utils.Helpers - null
09:14:50.556 [AWT-EventQueue-0] INFO  c.b.l.BrowserStackRunExtension - gradle
09:14:50.556 [AWT-EventQueue-0] INFO  com.browserstack.utils.Helpers - null
09:48:52.975 [AWT-EventQueue-0] INFO  c.b.l.BrowserStackRunExtension - gradle
09:48:52.976 [AWT-EventQueue-0] INFO  com.browserstack.utils.Helpers - null
10:07:02.251 [AWT-EventQueue-0] INFO  c.b.l.BrowserStackRunExtension - gradle
10:07:02.252 [AWT-EventQueue-0] INFO  com.browserstack.utils.Helpers - null
10:15:06.448 [AWT-EventQueue-0] INFO  c.b.l.BrowserStackRunExtension - gradle
10:15:06.448 [AWT-EventQueue-0] INFO  com.browserstack.utils.Helpers - null
10:15:29.405 [AWT-EventQueue-0] INFO  c.b.l.BrowserStackRunExtension - gradle
10:15:29.405 [AWT-EventQueue-0] INFO  com.browserstack.utils.Helpers - null
10:19:39.898 [AWT-EventQueue-0] INFO  c.b.l.BrowserStackRunExtension - gradle
10:19:39.898 [AWT-EventQueue-0] INFO  com.browserstack.utils.Helpers - null
10:20:36.641 [AWT-EventQueue-0] INFO  c.b.l.BrowserStackRunExtension - gradle
10:20:36.641 [AWT-EventQueue-0] INFO  com.browserstack.utils.Helpers - null
20:45:41.684 [AWT-EventQueue-0] INFO  c.b.l.BrowserStackRunExtension - gradle
20:45:41.685 [AWT-EventQueue-0] INFO  com.browserstack.utils.Helpers - null
20:50:16.819 [AWT-EventQueue-0] INFO  c.b.l.BrowserStackRunExtension - gradle
20:50:16.820 [AWT-EventQueue-0] INFO  com.browserstack.utils.Helpers - null
20:58:09.556 [AWT-EventQueue-0] INFO  c.b.l.BrowserStackRunExtension - gradle
20:58:09.557 [AWT-EventQueue-0] INFO  com.browserstack.utils.Helpers - null
21:00:03.835 [AWT-EventQueue-0] INFO  c.b.l.BrowserStackRunExtension - gradle
21:00:03.836 [AWT-EventQueue-0] INFO  com.browserstack.utils.Helpers - null
21:04:01.809 [AWT-EventQueue-0] INFO  c.b.l.BrowserStackRunExtension - gradle
21:04:01.810 [AWT-EventQueue-0] INFO  com.browserstack.utils.Helpers - null
21:04:16.700 [AWT-EventQueue-0] INFO  c.b.l.BrowserStackRunExtension - gradle
21:04:16.700 [AWT-EventQueue-0] INFO  com.browserstack.utils.Helpers - null
21:06:25.158 [AWT-EventQueue-0] INFO  c.b.l.BrowserStackRunExtension - gradle
21:06:25.160 [AWT-EventQueue-0] INFO  com.browserstack.utils.Helpers - null
21:06:42.097 [AWT-EventQueue-0] INFO  c.b.l.BrowserStackRunExtension - gradle
21:06:42.097 [AWT-EventQueue-0] INFO  com.browserstack.utils.Helpers - null
21:12:35.477 [AWT-EventQueue-0] INFO  c.b.l.BrowserStackRunExtension - gradle
21:12:35.478 [AWT-EventQueue-0] INFO  com.browserstack.utils.Helpers - null
21:34:39.563 [AWT-EventQueue-0] INFO  c.b.l.BrowserStackRunExtension - gradle
21:34:39.564 [AWT-EventQueue-0] INFO  com.browserstack.utils.Helpers - null
21:37:27.839 [AWT-EventQueue-0] INFO  c.b.l.BrowserStackRunExtension - gradle
21:37:27.840 [AWT-EventQueue-0] INFO  com.browserstack.utils.Helpers - null
21:38:41.005 [AWT-EventQueue-0] INFO  c.b.l.BrowserStackRunExtension - gradle
21:38:41.005 [AWT-EventQueue-0] INFO  com.browserstack.utils.Helpers - null
21:39:27.917 [AWT-EventQueue-0] INFO  c.b.l.BrowserStackRunExtension - gradle
21:39:27.918 [AWT-EventQueue-0] INFO  com.browserstack.utils.Helpers - null
21:39:54.875 [AWT-EventQueue-0] INFO  c.b.l.BrowserStackRunExtension - gradle
21:39:54.875 [AWT-EventQueue-0] INFO  com.browserstack.utils.Helpers - null
21:41:05.243 [AWT-EventQueue-0] INFO  c.b.l.BrowserStackRunExtension - gradle
21:41:05.243 [AWT-EventQueue-0] INFO  com.browserstack.utils.Helpers - null
21:45:45.651 [AWT-EventQueue-0] INFO  c.b.l.BrowserStackRunExtension - gradle
21:45:45.652 [AWT-EventQueue-0] INFO  com.browserstack.utils.Helpers - null
21:46:38.275 [AWT-EventQueue-0] INFO  c.b.l.BrowserStackRunExtension - gradle
21:46:38.276 [AWT-EventQueue-0] INFO  com.browserstack.utils.Helpers - null
21:47:10.104 [AWT-EventQueue-0] INFO  c.b.l.BrowserStackRunExtension - gradle
21:47:10.104 [AWT-EventQueue-0] INFO  com.browserstack.utils.Helpers - null
21:47:50.965 [AWT-EventQueue-0] INFO  c.b.l.BrowserStackRunExtension - gradle
21:47:50.965 [AWT-EventQueue-0] INFO  com.browserstack.utils.Helpers - null
21:48:20.683 [AWT-EventQueue-0] INFO  c.b.l.BrowserStackRunExtension - gradle
21:48:20.684 [AWT-EventQueue-0] INFO  com.browserstack.utils.Helpers - null
21:48:28.817 [AWT-EventQueue-0] INFO  c.b.l.BrowserStackRunExtension - gradle
21:48:28.817 [AWT-EventQueue-0] INFO  com.browserstack.utils.Helpers - null
21:51:02.154 [AWT-EventQueue-0] INFO  c.b.l.BrowserStackRunExtension - gradle
21:51:02.155 [AWT-EventQueue-0] INFO  com.browserstack.utils.Helpers - null
21:58:57.916 [AWT-EventQueue-0] INFO  c.b.l.BrowserStackRunExtension - gradle
21:58:57.917 [AWT-EventQueue-0] INFO  com.browserstack.utils.Helpers - null
21:59:20.559 [AWT-EventQueue-0] INFO  c.b.l.BrowserStackRunExtension - gradle
21:59:20.559 [AWT-EventQueue-0] INFO  com.browserstack.utils.Helpers - null
21:59:32.339 [AWT-EventQueue-0] INFO  c.b.l.BrowserStackRunExtension - gradle
21:59:32.340 [AWT-EventQueue-0] INFO  com.browserstack.utils.Helpers - null
21:59:40.933 [AWT-EventQueue-0] INFO  c.b.l.BrowserStackRunExtension - gradle
21:59:40.933 [AWT-EventQueue-0] INFO  com.browserstack.utils.Helpers - null
22:02:07.854 [AWT-EventQueue-0] INFO  c.b.l.BrowserStackRunExtension - gradle
22:02:07.855 [AWT-EventQueue-0] INFO  com.browserstack.utils.Helpers - null
22:02:38.352 [AWT-EventQueue-0] INFO  c.b.l.BrowserStackRunExtension - gradle
22:02:38.352 [AWT-EventQueue-0] INFO  com.browserstack.utils.Helpers - null
22:02:44.170 [AWT-EventQueue-0] INFO  c.b.l.BrowserStackRunExtension - gradle
22:02:44.170 [AWT-EventQueue-0] INFO  com.browserstack.utils.Helpers - null
22:03:56.870 [AWT-EventQueue-0] INFO  c.b.l.BrowserStackRunExtension - gradle
22:03:56.873 [AWT-EventQueue-0] INFO  com.browserstack.utils.Helpers - null
22:09:51.126 [AWT-EventQueue-0] INFO  c.b.l.BrowserStackRunExtension - gradle
22:09:51.128 [AWT-EventQueue-0] INFO  com.browserstack.utils.Helpers - null
22:11:04.119 [AWT-EventQueue-0] INFO  c.b.l.BrowserStackRunExtension - gradle
22:11:04.121 [AWT-EventQueue-0] INFO  com.browserstack.utils.Helpers - null
22:16:40.720 [AWT-EventQueue-0] INFO  c.b.l.BrowserStackRunExtension - gradle
22:16:40.721 [AWT-EventQueue-0] INFO  com.browserstack.utils.Helpers - null
22:20:39.531 [AWT-EventQueue-0] INFO  c.b.l.BrowserStackRunExtension - gradle
22:20:39.532 [AWT-EventQueue-0] INFO  com.browserstack.utils.Helpers - null
22:31:24.432 [AWT-EventQueue-0] INFO  c.b.l.BrowserStackRunExtension - gradle
22:31:24.433 [AWT-EventQueue-0] INFO  com.browserstack.utils.Helpers - null
22:32:18.483 [AWT-EventQueue-0] INFO  c.b.l.BrowserStackRunExtension - gradle
22:32:18.483 [AWT-EventQueue-0] INFO  com.browserstack.utils.Helpers - null
22:33:08.634 [AWT-EventQueue-0] INFO  c.b.l.BrowserStackRunExtension - gradle
22:33:08.635 [AWT-EventQueue-0] INFO  com.browserstack.utils.Helpers - null
22:33:35.549 [AWT-EventQueue-0] INFO  c.b.l.BrowserStackRunExtension - gradle
22:33:35.549 [AWT-EventQueue-0] INFO  com.browserstack.utils.Helpers - null
22:35:14.664 [AWT-EventQueue-0] INFO  c.b.l.BrowserStackRunExtension - gradle
22:35:14.665 [AWT-EventQueue-0] INFO  com.browserstack.utils.Helpers - null
22:38:14.557 [AWT-EventQueue-0] INFO  c.b.l.BrowserStackRunExtension - gradle
22:38:14.559 [AWT-EventQueue-0] INFO  com.browserstack.utils.Helpers - null
22:39:17.422 [AWT-EventQueue-0] INFO  c.b.l.BrowserStackRunExtension - gradle
22:39:17.423 [AWT-EventQueue-0] INFO  com.browserstack.utils.Helpers - null
12:19:44.368 [AWT-EventQueue-0] INFO  c.b.l.BrowserStackRunExtension - gradle
12:19:44.369 [AWT-EventQueue-0] INFO  com.browserstack.utils.Helpers - null
12:20:27.189 [AWT-EventQueue-0] INFO  c.b.l.BrowserStackRunExtension - gradle
12:20:27.190 [AWT-EventQueue-0] INFO  com.browserstack.utils.Helpers - null
12:20:34.719 [AWT-EventQueue-0] INFO  c.b.l.BrowserStackRunExtension - gradle
12:20:34.719 [AWT-EventQueue-0] INFO  com.browserstack.utils.Helpers - null
12:24:01.531 [AWT-EventQueue-0] INFO  c.b.l.BrowserStackRunExtension - gradle
12:24:01.532 [AWT-EventQueue-0] INFO  com.browserstack.utils.Helpers - null
12:26:16.764 [AWT-EventQueue-0] INFO  c.b.l.BrowserStackRunExtension - gradle
12:26:16.765 [AWT-EventQueue-0] INFO  com.browserstack.utils.Helpers - null
12:28:16.163 [AWT-EventQueue-0] INFO  c.b.l.BrowserStackRunExtension - gradle
12:28:16.163 [AWT-EventQueue-0] INFO  com.browserstack.utils.Helpers - null
12:35:21.191 [AWT-EventQueue-0] INFO  c.b.l.BrowserStackRunExtension - gradle
12:35:21.192 [AWT-EventQueue-0] INFO  com.browserstack.utils.Helpers - null
12:36:14.980 [AWT-EventQueue-0] INFO  c.b.l.BrowserStackRunExtension - gradle
12:36:14.980 [AWT-EventQueue-0] INFO  com.browserstack.utils.Helpers - null
12:49:14.532 [AWT-EventQueue-0] INFO  c.b.l.BrowserStackRunExtension - gradle
12:49:14.533 [AWT-EventQueue-0] INFO  com.browserstack.utils.Helpers - null
12:49:49.971 [AWT-EventQueue-0] INFO  c.b.l.BrowserStackRunExtension - gradle
12:49:49.971 [AWT-EventQueue-0] INFO  com.browserstack.utils.Helpers - null
12:50:40.300 [AWT-EventQueue-0] INFO  c.b.l.BrowserStackRunExtension - gradle
12:50:40.300 [AWT-EventQueue-0] INFO  com.browserstack.utils.Helpers - null
12:50:51.840 [AWT-EventQueue-0] INFO  c.b.l.BrowserStackRunExtension - gradle
12:50:51.840 [AWT-EventQueue-0] INFO  com.browserstack.utils.Helpers - null
12:51:50.016 [AWT-EventQueue-0] INFO  c.b.l.BrowserStackRunExtension - gradle
12:51:50.017 [AWT-EventQueue-0] INFO  com.browserstack.utils.Helpers - null
12:53:38.169 [AWT-EventQueue-0] INFO  c.b.l.BrowserStackRunExtension - gradle
12:53:38.169 [AWT-EventQueue-0] INFO  com.browserstack.utils.Helpers - null
12:57:03.687 [AWT-EventQueue-0] INFO  c.b.l.BrowserStackRunExtension - gradle
12:57:03.687 [AWT-EventQueue-0] INFO  com.browserstack.utils.Helpers - null
12:58:30.236 [AWT-EventQueue-0] INFO  c.b.l.BrowserStackRunExtension - gradle
12:58:30.236 [AWT-EventQueue-0] INFO  com.browserstack.utils.Helpers - null
13:00:21.453 [AWT-EventQueue-0] INFO  c.b.l.BrowserStackRunExtension - gradle
13:00:21.454 [AWT-EventQueue-0] INFO  com.browserstack.utils.Helpers - null
13:02:59.803 [AWT-EventQueue-0] INFO  c.b.l.BrowserStackRunExtension - gradle
13:02:59.804 [AWT-EventQueue-0] INFO  com.browserstack.utils.Helpers - null
13:06:40.096 [AWT-EventQueue-0] INFO  c.b.l.BrowserStackRunExtension - gradle
13:06:40.097 [AWT-EventQueue-0] INFO  com.browserstack.utils.Helpers - null
13:10:23.224 [AWT-EventQueue-0] INFO  c.b.l.BrowserStackRunExtension - gradle
13:10:23.226 [AWT-EventQueue-0] INFO  com.browserstack.utils.Helpers - null
13:10:48.834 [AWT-EventQueue-0] INFO  c.b.l.BrowserStackRunExtension - gradle
13:10:48.834 [AWT-EventQueue-0] INFO  com.browserstack.utils.Helpers - null
13:16:53.628 [AWT-EventQueue-0] INFO  c.b.l.BrowserStackRunExtension - gradle
13:16:53.630 [AWT-EventQueue-0] INFO  com.browserstack.utils.Helpers - null
13:41:18.100 [AWT-EventQueue-0] INFO  c.b.l.BrowserStackRunExtension - gradle
13:41:18.101 [AWT-EventQueue-0] INFO  com.browserstack.utils.Helpers - null
13:42:00.323 [AWT-EventQueue-0] INFO  c.b.l.BrowserStackRunExtension - gradle
13:42:00.324 [AWT-EventQueue-0] INFO  com.browserstack.utils.Helpers - null
13:42:27.398 [AWT-EventQueue-0] INFO  c.b.l.BrowserStackRunExtension - gradle
13:42:27.398 [AWT-EventQueue-0] INFO  com.browserstack.utils.Helpers - null
13:55:26.100 [AWT-EventQueue-0] INFO  c.b.l.BrowserStackRunExtension - gradle
13:55:26.102 [AWT-EventQueue-0] INFO  com.browserstack.utils.Helpers - null
13:58:25.478 [AWT-EventQueue-0] INFO  c.b.l.BrowserStackRunExtension - gradle
13:58:25.479 [AWT-EventQueue-0] INFO  com.browserstack.utils.Helpers - null
13:59:27.652 [AWT-EventQueue-0] INFO  c.b.l.BrowserStackRunExtension - gradle
13:59:27.652 [AWT-EventQueue-0] INFO  com.browserstack.utils.Helpers - null
14:00:45.557 [AWT-EventQueue-0] INFO  c.b.l.BrowserStackRunExtension - gradle
14:00:45.558 [AWT-EventQueue-0] INFO  com.browserstack.utils.Helpers - null
14:02:06.975 [AWT-EventQueue-0] INFO  c.b.l.BrowserStackRunExtension - gradle
14:02:06.976 [AWT-EventQueue-0] INFO  com.browserstack.utils.Helpers - null
14:07:42.887 [AWT-EventQueue-0] INFO  c.b.l.BrowserStackRunExtension - gradle
14:07:42.889 [AWT-EventQueue-0] INFO  com.browserstack.utils.Helpers - null
14:07:54.835 [AWT-EventQueue-0] INFO  c.b.l.BrowserStackRunExtension - gradle
14:07:54.835 [AWT-EventQueue-0] INFO  com.browserstack.utils.Helpers - null
14:08:35.471 [AWT-EventQueue-0] INFO  c.b.l.BrowserStackRunExtension - gradle
14:08:35.471 [AWT-EventQueue-0] INFO  com.browserstack.utils.Helpers - null
14:18:05.551 [AWT-EventQueue-0] INFO  c.b.l.BrowserStackRunExtension - gradle
14:18:05.552 [AWT-EventQueue-0] INFO  com.browserstack.utils.Helpers - null
14:18:27.599 [AWT-EventQueue-0] INFO  c.b.l.BrowserStackRunExtension - gradle
14:18:27.599 [AWT-EventQueue-0] INFO  com.browserstack.utils.Helpers - null
14:18:40.764 [AWT-EventQueue-0] INFO  c.b.l.BrowserStackRunExtension - gradle
14:18:40.764 [AWT-EventQueue-0] INFO  com.browserstack.utils.Helpers - null
14:20:01.726 [AWT-EventQueue-0] INFO  c.b.l.BrowserStackRunExtension - gradle
14:20:01.728 [AWT-EventQueue-0] INFO  com.browserstack.utils.Helpers - null
14:22:40.750 [AWT-EventQueue-0] INFO  c.b.l.BrowserStackRunExtension - gradle
14:22:40.752 [AWT-EventQueue-0] INFO  com.browserstack.utils.Helpers - null
14:23:50.784 [AWT-EventQueue-0] INFO  c.b.l.BrowserStackRunExtension - gradle
14:23:50.785 [AWT-EventQueue-0] INFO  com.browserstack.utils.Helpers - null
14:24:12.532 [AWT-EventQueue-0] INFO  c.b.l.BrowserStackRunExtension - gradle
14:24:12.532 [AWT-EventQueue-0] INFO  com.browserstack.utils.Helpers - null
14:36:36.223 [AWT-EventQueue-0] INFO  c.b.l.BrowserStackRunExtension - gradle
14:36:36.225 [AWT-EventQueue-0] INFO  com.browserstack.utils.Helpers - null
14:37:15.092 [AWT-EventQueue-0] INFO  c.b.l.BrowserStackRunExtension - gradle
14:37:15.093 [AWT-EventQueue-0] INFO  com.browserstack.utils.Helpers - null
14:38:07.465 [AWT-EventQueue-0] INFO  c.b.l.BrowserStackRunExtension - gradle
14:38:07.466 [AWT-EventQueue-0] INFO  com.browserstack.utils.Helpers - null
14:43:50.900 [AWT-EventQueue-0] INFO  c.b.l.BrowserStackRunExtension - gradle
14:43:50.901 [AWT-EventQueue-0] INFO  com.browserstack.utils.Helpers - null
14:45:26.786 [AWT-EventQueue-0] INFO  c.b.l.BrowserStackRunExtension - gradle
14:45:26.787 [AWT-EventQueue-0] INFO  com.browserstack.utils.Helpers - null
14:46:03.284 [AWT-EventQueue-0] INFO  c.b.l.BrowserStackRunExtension - gradle
14:46:03.284 [AWT-EventQueue-0] INFO  com.browserstack.utils.Helpers - null
15:00:00.411 [AWT-EventQueue-0] INFO  c.b.l.BrowserStackRunExtension - gradle
15:00:00.412 [AWT-EventQueue-0] INFO  com.browserstack.utils.Helpers - null
15:00:12.609 [AWT-EventQueue-0] INFO  c.b.l.BrowserStackRunExtension - gradle
15:00:12.609 [AWT-EventQueue-0] INFO  com.browserstack.utils.Helpers - null
15:00:21.191 [AWT-EventQueue-0] INFO  c.b.l.BrowserStackRunExtension - gradle
15:00:21.191 [AWT-EventQueue-0] INFO  com.browserstack.utils.Helpers - null
15:02:53.284 [AWT-EventQueue-0] INFO  c.b.actions.EnableBrowserStack - Setting enable browserstack run update
15:02:53.290 [AWT-EventQueue-0] INFO  c.b.actions.DisableBrowserStack - Setting disable browserstack run update
15:02:53.376 [AWT-EventQueue-0] INFO  c.b.actions.DisableBrowserStack - Setting disable browserstack run update
15:02:53.461 [AWT-EventQueue-0] INFO  c.b.actions.EnableBrowserStack - Setting enable browserstack run update
15:05:10.469 [AWT-EventQueue-0] INFO  c.b.l.BrowserStackRunExtension - gradle
15:05:10.470 [AWT-EventQueue-0] INFO  com.browserstack.utils.Helpers - null
15:08:19.231 [AWT-EventQueue-0] INFO  c.b.l.BrowserStackRunExtension - gradle
15:08:19.233 [AWT-EventQueue-0] INFO  com.browserstack.utils.Helpers - null
15:08:36.264 [AWT-EventQueue-0] INFO  c.b.l.BrowserStackRunExtension - gradle
15:08:36.265 [AWT-EventQueue-0] INFO  com.browserstack.utils.Helpers - null
15:11:42.968 [AWT-EventQueue-0] INFO  c.b.l.BrowserStackRunExtension - gradle
15:11:42.970 [AWT-EventQueue-0] INFO  com.browserstack.utils.Helpers - null
15:24:24.677 [AWT-EventQueue-0] INFO  c.b.l.BrowserStackRunExtension - gradle
15:24:24.677 [AWT-EventQueue-0] INFO  com.browserstack.utils.Helpers - null
15:26:54.453 [AWT-EventQueue-0] INFO  c.b.l.BrowserStackRunExtension - gradle
15:26:54.453 [AWT-EventQueue-0] INFO  com.browserstack.utils.Helpers - null
15:34:57.170 [AWT-EventQueue-0] INFO  c.b.l.BrowserStackRunExtension - gradle
15:34:57.171 [AWT-EventQueue-0] INFO  com.browserstack.utils.Helpers - null
15:42:36.125 [AWT-EventQueue-0] INFO  c.b.l.BrowserStackRunExtension - gradle
15:42:36.126 [AWT-EventQueue-0] INFO  com.browserstack.utils.Helpers - null
15:43:36.026 [AWT-EventQueue-0] INFO  c.b.l.BrowserStackRunExtension - gradle
15:43:36.026 [AWT-EventQueue-0] INFO  com.browserstack.utils.Helpers - null
15:45:20.740 [AWT-EventQueue-0] INFO  c.b.l.BrowserStackRunExtension - gradle
15:45:20.741 [AWT-EventQueue-0] INFO  com.browserstack.utils.Helpers - null
15:45:46.813 [AWT-EventQueue-0] INFO  c.b.l.BrowserStackRunExtension - gradle
15:45:46.813 [AWT-EventQueue-0] INFO  com.browserstack.utils.Helpers - null
15:47:12.546 [AWT-EventQueue-0] INFO  c.b.l.BrowserStackRunExtension - gradle
15:47:12.547 [AWT-EventQueue-0] INFO  com.browserstack.utils.Helpers - null
16:36:55.213 [AWT-EventQueue-0] INFO  c.b.l.BrowserStackRunExtension - gradle
16:36:55.214 [AWT-EventQueue-0] INFO  com.browserstack.utils.Helpers - null
17:05:31.016 [AWT-EventQueue-0] INFO  c.b.l.BrowserStackRunExtension - gradle
17:05:31.016 [AWT-EventQueue-0] INFO  com.browserstack.utils.Helpers - null
17:22:56.281 [AWT-EventQueue-0] INFO  c.b.l.BrowserStackRunExtension - gradle
17:22:56.282 [AWT-EventQueue-0] INFO  com.browserstack.utils.Helpers - null
17:23:17.032 [AWT-EventQueue-0] INFO  c.b.l.BrowserStackRunExtension - gradle
17:23:17.032 [AWT-EventQueue-0] INFO  com.browserstack.utils.Helpers - null
17:23:38.378 [AWT-EventQueue-0] INFO  c.b.l.BrowserStackRunExtension - gradle
17:23:38.378 [AWT-EventQueue-0] INFO  com.browserstack.utils.Helpers - null
17:25:14.847 [AWT-EventQueue-0] INFO  c.b.l.BrowserStackRunExtension - gradle
17:25:14.848 [AWT-EventQueue-0] INFO  com.browserstack.utils.Helpers - null
17:25:36.237 [AWT-EventQueue-0] INFO  c.b.l.BrowserStackRunExtension - gradle
17:25:36.238 [AWT-EventQueue-0] INFO  com.browserstack.utils.Helpers - null
17:29:49.110 [AWT-EventQueue-0] INFO  c.b.l.BrowserStackRunExtension - gradle
17:29:49.112 [AWT-EventQueue-0] INFO  com.browserstack.utils.Helpers - null
17:29:58.077 [AWT-EventQueue-0] INFO  c.b.l.BrowserStackRunExtension - gradle
17:29:58.077 [AWT-EventQueue-0] INFO  com.browserstack.utils.Helpers - null
17:34:07.687 [AWT-EventQueue-0] INFO  c.b.l.BrowserStackRunExtension - gradle
17:34:07.688 [AWT-EventQueue-0] INFO  com.browserstack.utils.Helpers - null
17:36:12.038 [AWT-EventQueue-0] INFO  c.b.l.BrowserStackRunExtension - gradle
17:36:12.038 [AWT-EventQueue-0] INFO  com.browserstack.utils.Helpers - null
17:38:59.024 [AWT-EventQueue-0] INFO  c.b.l.BrowserStackRunExtension - gradle
17:38:59.026 [AWT-EventQueue-0] INFO  com.browserstack.utils.Helpers - null
17:41:56.281 [AWT-EventQueue-0] INFO  c.b.l.BrowserStackRunExtension - gradle
17:41:56.282 [AWT-EventQueue-0] INFO  com.browserstack.utils.Helpers - null
17:42:13.463 [AWT-EventQueue-0] INFO  c.b.l.BrowserStackRunExtension - gradle
17:42:13.463 [AWT-EventQueue-0] INFO  com.browserstack.utils.Helpers - null
17:45:35.249 [AWT-EventQueue-0] INFO  c.b.l.BrowserStackRunExtension - gradle
17:45:35.250 [AWT-EventQueue-0] INFO  com.browserstack.utils.Helpers - null
17:48:17.524 [AWT-EventQueue-0] INFO  c.b.l.BrowserStackRunExtension - gradle
17:48:17.525 [AWT-EventQueue-0] INFO  com.browserstack.utils.Helpers - null
17:53:09.686 [AWT-EventQueue-0] INFO  c.b.l.BrowserStackRunExtension - gradle
17:53:09.687 [AWT-EventQueue-0] INFO  com.browserstack.utils.Helpers - null
17:57:14.130 [AWT-EventQueue-0] INFO  c.b.l.BrowserStackRunExtension - gradle
17:57:14.131 [AWT-EventQueue-0] INFO  com.browserstack.utils.Helpers - null
17:57:33.503 [AWT-EventQueue-0] INFO  c.b.l.BrowserStackRunExtension - gradle
17:57:33.503 [AWT-EventQueue-0] INFO  com.browserstack.utils.Helpers - null
17:59:07.657 [AWT-EventQueue-0] INFO  c.b.l.BrowserStackRunExtension - gradle
17:59:07.658 [AWT-EventQueue-0] INFO  com.browserstack.utils.Helpers - null
18:04:35.214 [AWT-EventQueue-0] INFO  c.b.l.BrowserStackRunExtension - gradle
18:04:35.215 [AWT-EventQueue-0] INFO  com.browserstack.utils.Helpers - null
18:05:54.236 [AWT-EventQueue-0] INFO  c.b.l.BrowserStackRunExtension - gradle
18:05:54.236 [AWT-EventQueue-0] INFO  com.browserstack.utils.Helpers - null
18:06:43.873 [AWT-EventQueue-0] INFO  c.b.l.BrowserStackRunExtension - gradle
18:06:43.873 [AWT-EventQueue-0] INFO  com.browserstack.utils.Helpers - null
20:04:57.945 [AWT-EventQueue-0] INFO  c.b.l.BrowserStackRunExtension - gradle
20:04:57.947 [AWT-EventQueue-0] INFO  com.browserstack.utils.Helpers - null
20:33:05.750 [AWT-EventQueue-0] INFO  c.b.l.BrowserStackRunExtension - gradle
20:33:05.751 [AWT-EventQueue-0] INFO  com.browserstack.utils.Helpers - null
20:34:36.601 [AWT-EventQueue-0] INFO  c.b.l.BrowserStackRunExtension - gradle
20:34:36.603 [AWT-EventQueue-0] INFO  com.browserstack.utils.Helpers - null
20:35:00.548 [AWT-EventQueue-0] INFO  c.b.l.BrowserStackRunExtension - gradle
20:35:00.548 [AWT-EventQueue-0] INFO  com.browserstack.utils.Helpers - null
20:36:05.341 [AWT-EventQueue-0] INFO  c.b.l.BrowserStackRunExtension - gradle
20:36:05.341 [AWT-EventQueue-0] INFO  com.browserstack.utils.Helpers - null
20:36:53.256 [AWT-EventQueue-0] INFO  c.b.l.BrowserStackRunExtension - gradle
20:36:53.256 [AWT-EventQueue-0] INFO  com.browserstack.utils.Helpers - null
20:51:16.759 [AWT-EventQueue-0] INFO  c.b.l.BrowserStackRunExtension - gradle
20:51:16.760 [AWT-EventQueue-0] INFO  com.browserstack.utils.Helpers - null
20:52:22.068 [AWT-EventQueue-0] INFO  c.b.l.BrowserStackRunExtension - gradle
20:52:22.068 [AWT-EventQueue-0] INFO  com.browserstack.utils.Helpers - null
20:52:44.398 [AWT-EventQueue-0] INFO  c.b.l.BrowserStackRunExtension - gradle
20:52:44.398 [AWT-EventQueue-0] INFO  com.browserstack.utils.Helpers - null
21:03:17.164 [AWT-EventQueue-0] INFO  c.b.l.BrowserStackRunExtension - gradle
21:03:17.167 [AWT-EventQueue-0] INFO  com.browserstack.utils.Helpers - null
21:07:19.930 [AWT-EventQueue-0] INFO  c.b.l.BrowserStackRunExtension - gradle
21:07:19.930 [AWT-EventQueue-0] INFO  com.browserstack.utils.Helpers - null
21:08:06.247 [AWT-EventQueue-0] INFO  c.b.l.BrowserStackRunExtension - gradle
21:08:06.247 [AWT-EventQueue-0] INFO  com.browserstack.utils.Helpers - null
21:09:07.154 [AWT-EventQueue-0] INFO  c.b.l.BrowserStackRunExtension - gradle
21:09:07.155 [AWT-EventQueue-0] INFO  com.browserstack.utils.Helpers - null
21:18:24.292 [AWT-EventQueue-0] INFO  c.b.l.BrowserStackRunExtension - gradle
21:18:24.293 [AWT-EventQueue-0] INFO  com.browserstack.utils.Helpers - null
21:18:28.776 [AWT-EventQueue-0] INFO  c.b.l.BrowserStackRunExtension - gradle
21:18:28.776 [AWT-EventQueue-0] INFO  com.browserstack.utils.Helpers - null
21:22:46.431 [AWT-EventQueue-0] INFO  c.b.l.BrowserStackRunExtension - gradle
21:22:46.433 [AWT-EventQueue-0] INFO  com.browserstack.utils.Helpers - null
21:23:55.649 [AWT-EventQueue-0] INFO  c.b.l.BrowserStackRunExtension - gradle
21:23:55.650 [AWT-EventQueue-0] INFO  com.browserstack.utils.Helpers - null
21:25:16.246 [AWT-EventQueue-0] INFO  c.b.l.BrowserStackRunExtension - gradle
21:25:16.247 [AWT-EventQueue-0] INFO  com.browserstack.utils.Helpers - null
21:26:49.445 [AWT-EventQueue-0] INFO  c.b.l.BrowserStackRunExtension - gradle
21:26:49.446 [AWT-EventQueue-0] INFO  com.browserstack.utils.Helpers - null
21:29:43.508 [AWT-EventQueue-0] INFO  c.b.l.BrowserStackRunExtension - gradle
21:29:43.508 [AWT-EventQueue-0] INFO  com.browserstack.utils.Helpers - null
21:30:06.828 [AWT-EventQueue-0] INFO  c.b.l.BrowserStackRunExtension - gradle
21:30:06.828 [AWT-EventQueue-0] INFO  com.browserstack.utils.Helpers - null
21:30:33.154 [AWT-EventQueue-0] INFO  c.b.l.BrowserStackRunExtension - gradle
21:30:33.154 [AWT-EventQueue-0] INFO  com.browserstack.utils.Helpers - null
21:34:09.702 [AWT-EventQueue-0] INFO  c.b.l.BrowserStackRunExtension - gradle
21:34:09.703 [AWT-EventQueue-0] INFO  com.browserstack.utils.Helpers - null
21:34:45.264 [AWT-EventQueue-0] INFO  c.b.l.BrowserStackRunExtension - gradle
21:34:45.264 [AWT-EventQueue-0] INFO  com.browserstack.utils.Helpers - null
21:35:02.231 [AWT-EventQueue-0] INFO  c.b.l.BrowserStackRunExtension - gradle
21:35:02.231 [AWT-EventQueue-0] INFO  com.browserstack.utils.Helpers - null
21:37:07.901 [AWT-EventQueue-0] INFO  c.b.l.BrowserStackRunExtension - gradle
21:37:07.902 [AWT-EventQueue-0] INFO  com.browserstack.utils.Helpers - null
21:37:35.315 [AWT-EventQueue-0] INFO  c.b.l.BrowserStackRunExtension - gradle
21:37:35.316 [AWT-EventQueue-0] INFO  com.browserstack.utils.Helpers - null
21:38:02.231 [AWT-EventQueue-0] INFO  c.b.l.BrowserStackRunExtension - gradle
21:38:02.231 [AWT-EventQueue-0] INFO  com.browserstack.utils.Helpers - null
21:38:34.098 [AWT-EventQueue-0] INFO  c.b.l.BrowserStackRunExtension - gradle
21:38:34.098 [AWT-EventQueue-0] INFO  com.browserstack.utils.Helpers - null
21:39:15.751 [AWT-EventQueue-0] INFO  c.b.l.BrowserStackRunExtension - gradle
21:39:15.751 [AWT-EventQueue-0] INFO  com.browserstack.utils.Helpers - null
21:39:38.188 [AWT-EventQueue-0] INFO  c.b.l.BrowserStackRunExtension - gradle
21:39:38.188 [AWT-EventQueue-0] INFO  com.browserstack.utils.Helpers - null
21:39:57.799 [AWT-EventQueue-0] INFO  c.b.l.BrowserStackRunExtension - gradle
21:39:57.799 [AWT-EventQueue-0] INFO  com.browserstack.utils.Helpers - null
21:40:14.598 [AWT-EventQueue-0] INFO  c.b.l.BrowserStackRunExtension - gradle
21:40:14.598 [AWT-EventQueue-0] INFO  com.browserstack.utils.Helpers - null
21:40:19.399 [AWT-EventQueue-0] INFO  c.b.l.BrowserStackRunExtension - gradle
21:40:19.399 [AWT-EventQueue-0] INFO  com.browserstack.utils.Helpers - null
21:44:05.579 [AWT-EventQueue-0] INFO  c.b.l.BrowserStackRunExtension - gradle
21:44:05.580 [AWT-EventQueue-0] INFO  com.browserstack.utils.Helpers - null
21:44:37.538 [AWT-EventQueue-0] INFO  c.b.l.BrowserStackRunExtension - gradle
21:44:37.538 [AWT-EventQueue-0] INFO  com.browserstack.utils.Helpers - null
21:45:09.460 [AWT-EventQueue-0] INFO  c.b.l.BrowserStackRunExtension - gradle
21:45:09.460 [AWT-EventQueue-0] INFO  com.browserstack.utils.Helpers - null
21:45:26.495 [AWT-EventQueue-0] INFO  c.b.l.BrowserStackRunExtension - gradle
21:45:26.495 [AWT-EventQueue-0] INFO  com.browserstack.utils.Helpers - null
21:46:14.553 [AWT-EventQueue-0] INFO  c.b.l.BrowserStackRunExtension - gradle
21:46:14.554 [AWT-EventQueue-0] INFO  com.browserstack.utils.Helpers - null
21:47:38.437 [AWT-EventQueue-0] INFO  c.b.l.BrowserStackRunExtension - gradle
21:47:38.438 [AWT-EventQueue-0] INFO  com.browserstack.utils.Helpers - null
21:47:54.903 [AWT-EventQueue-0] INFO  c.b.l.BrowserStackRunExtension - gradle
21:47:54.903 [AWT-EventQueue-0] INFO  com.browserstack.utils.Helpers - null
21:54:36.052 [AWT-EventQueue-0] INFO  c.b.l.BrowserStackRunExtension - gradle
21:54:36.053 [AWT-EventQueue-0] INFO  com.browserstack.utils.Helpers - null
21:55:21.865 [AWT-EventQueue-0] INFO  c.b.l.BrowserStackRunExtension - gradle
21:55:21.866 [AWT-EventQueue-0] INFO  com.browserstack.utils.Helpers - null
22:01:10.949 [AWT-EventQueue-0] INFO  c.b.l.BrowserStackRunExtension - gradle
22:01:10.950 [AWT-EventQueue-0] INFO  com.browserstack.utils.Helpers - null
22:03:03.484 [AWT-EventQueue-0] INFO  c.b.l.BrowserStackRunExtension - gradle
22:03:03.485 [AWT-EventQueue-0] INFO  com.browserstack.utils.Helpers - null
22:06:35.400 [AWT-EventQueue-0] INFO  c.b.l.BrowserStackRunExtension - gradle
22:06:35.401 [AWT-EventQueue-0] INFO  com.browserstack.utils.Helpers - null
22:13:57.737 [AWT-EventQueue-0] INFO  c.b.l.BrowserStackRunExtension - gradle
22:13:57.738 [AWT-EventQueue-0] INFO  com.browserstack.utils.Helpers - null
22:14:59.583 [AWT-EventQueue-0] INFO  c.b.l.BrowserStackRunExtension - gradle
22:14:59.584 [AWT-EventQueue-0] INFO  com.browserstack.utils.Helpers - null
22:15:22.566 [AWT-EventQueue-0] INFO  c.b.l.BrowserStackRunExtension - gradle
22:15:22.566 [AWT-EventQueue-0] INFO  com.browserstack.utils.Helpers - null
22:17:31.747 [AWT-EventQueue-0] INFO  c.b.l.BrowserStackRunExtension - gradle
22:17:31.747 [AWT-EventQueue-0] INFO  com.browserstack.utils.Helpers - null
22:31:18.088 [AWT-EventQueue-0] INFO  c.b.l.BrowserStackRunExtension - gradle
22:31:18.089 [AWT-EventQueue-0] INFO  com.browserstack.utils.Helpers - null
22:31:38.558 [AWT-EventQueue-0] INFO  c.b.l.BrowserStackRunExtension - gradle
22:31:38.558 [AWT-EventQueue-0] INFO  com.browserstack.utils.Helpers - null
09:30:12.170 [AWT-EventQueue-0] INFO  c.b.l.BrowserStackRunExtension - gradle
09:30:12.172 [AWT-EventQueue-0] INFO  com.browserstack.utils.Helpers - null
09:30:56.704 [AWT-EventQueue-0] INFO  c.b.l.BrowserStackRunExtension - gradle
09:30:56.704 [AWT-EventQueue-0] INFO  com.browserstack.utils.Helpers - null
09:32:30.937 [AWT-EventQueue-0] INFO  c.b.l.BrowserStackRunExtension - gradle
09:32:30.937 [AWT-EventQueue-0] INFO  com.browserstack.utils.Helpers - null
10:01:07.883 [AWT-EventQueue-0] INFO  c.b.l.BrowserStackRunExtension - gradle
10:01:07.885 [AWT-EventQueue-0] INFO  com.browserstack.utils.Helpers - null
10:04:33.049 [AWT-EventQueue-0] INFO  c.b.l.BrowserStackRunExtension - gradle
10:04:33.050 [AWT-EventQueue-0] INFO  com.browserstack.utils.Helpers - null
10:08:50.739 [AWT-EventQueue-0] INFO  c.b.l.BrowserStackRunExtension - gradle
10:08:50.739 [AWT-EventQueue-0] INFO  com.browserstack.utils.Helpers - null
10:10:42.158 [AWT-EventQueue-0] INFO  c.b.l.BrowserStackRunExtension - gradle
10:10:42.159 [AWT-EventQueue-0] INFO  com.browserstack.utils.Helpers - null
